{"C:\\Users\\A\\Desktop\\moh\\eshop-mern\\index.js": {"path":"C:\\Users\\A\\Desktop\\moh\\eshop-mern\\index.js","statementMap":{"0":{"start":{"line":1,"column":0},"end":{"line":1,"column":26}},"1":{"start":{"line":2,"column":16},"end":{"line":2,"column":34}},"2":{"start":{"line":3,"column":19},"end":{"line":3,"column":41}},"3":{"start":{"line":4,"column":17},"end":{"line":4,"column":36}},"4":{"start":{"line":5,"column":13},"end":{"line":5,"column":28}},"5":{"start":{"line":6,"column":13},"end":{"line":6,"column":28}},"6":{"start":{"line":8,"column":15},"end":{"line":8,"column":32}},"7":{"start":{"line":11,"column":21},"end":{"line":11,"column":49}},"8":{"start":{"line":12,"column":18},"end":{"line":12,"column":43}},"9":{"start":{"line":13,"column":24},"end":{"line":13,"column":54}},"10":{"start":{"line":15,"column":12},"end":{"line":15,"column":21}},"11":{"start":{"line":16,"column":0},"end":{"line":16,"column":16}},"12":{"start":{"line":17,"column":0},"end":{"line":17,"column":25}},"13":{"start":{"line":19,"column":12},"end":{"line":19,"column":31}},"14":{"start":{"line":24,"column":0},"end":{"line":24,"column":46}},"15":{"start":{"line":26,"column":0},"end":{"line":26,"column":24}},"16":{"start":{"line":32,"column":0},"end":{"line":32,"column":42}},"17":{"start":{"line":33,"column":0},"end":{"line":33,"column":36}},"18":{"start":{"line":34,"column":0},"end":{"line":34,"column":47}},"19":{"start":{"line":37,"column":0},"end":{"line":37,"column":62}},"20":{"start":{"line":38,"column":0},"end":{"line":38,"column":62}},"21":{"start":{"line":42,"column":0},"end":{"line":48,"column":3}},"22":{"start":{"line":43,"column":2},"end":{"line":47,"column":4}},"23":{"start":{"line":44,"column":4},"end":{"line":46,"column":5}},"24":{"start":{"line":45,"column":6},"end":{"line":45,"column":31}},"25":{"start":{"line":51,"column":0},"end":{"line":51,"column":21}}},"fnMap":{"0":{"name":"(anonymous_0)","decl":{"start":{"line":42,"column":13},"end":{"line":42,"column":14}},"loc":{"start":{"line":42,"column":27},"end":{"line":48,"column":1}},"line":42},"1":{"name":"(anonymous_1)","decl":{"start":{"line":43,"column":67},"end":{"line":43,"column":68}},"loc":{"start":{"line":43,"column":81},"end":{"line":47,"column":3}},"line":43}},"branchMap":{"0":{"loc":{"start":{"line":44,"column":4},"end":{"line":46,"column":5}},"type":"if","locations":[{"start":{"line":44,"column":4},"end":{"line":46,"column":5}},{"start":{},"end":{}}],"line":44}},"s":{"0":2,"1":2,"2":2,"3":2,"4":2,"5":2,"6":2,"7":2,"8":2,"9":2,"10":2,"11":2,"12":2,"13":2,"14":2,"15":2,"16":2,"17":2,"18":2,"19":2,"20":2,"21":2,"22":0,"23":0,"24":0,"25":2},"f":{"0":0,"1":0},"b":{"0":[0,0]},"_coverageSchema":"1a1c01bbd47fc00a2c39e90264f33305004495a9","hash":"7bdd46ddc6abecbbaee9fc5b58a051516a373e14"}
,"C:\\Users\\A\\Desktop\\moh\\eshop-mern\\models\\Category.js": {"path":"C:\\Users\\A\\Desktop\\moh\\eshop-mern\\models\\Category.js","statementMap":{"0":{"start":{"line":1,"column":17},"end":{"line":1,"column":36}},"1":{"start":{"line":3,"column":23},"end":{"line":13,"column":1}},"2":{"start":{"line":18,"column":0},"end":{"line":18,"column":60}}},"fnMap":{},"branchMap":{},"s":{"0":2,"1":2,"2":2},"f":{},"b":{},"_coverageSchema":"1a1c01bbd47fc00a2c39e90264f33305004495a9","hash":"213d6eff80b59d972fbfb3daefb912b2339b7cf0"}
,"C:\\Users\\A\\Desktop\\moh\\eshop-mern\\models\\Product.js": {"path":"C:\\Users\\A\\Desktop\\moh\\eshop-mern\\models\\Product.js","statementMap":{"0":{"start":{"line":1,"column":17},"end":{"line":1,"column":36}},"1":{"start":{"line":11,"column":22},"end":{"line":51,"column":1}},"2":{"start":{"line":64,"column":0},"end":{"line":64,"column":58}}},"fnMap":{},"branchMap":{},"s":{"0":2,"1":2,"2":2},"f":{},"b":{},"_coverageSchema":"1a1c01bbd47fc00a2c39e90264f33305004495a9","hash":"f8fa3f0e327d10093b0c4e576e0c176550f57efa"}
,"C:\\Users\\A\\Desktop\\moh\\eshop-mern\\models\\User.js": {"path":"C:\\Users\\A\\Desktop\\moh\\eshop-mern\\models\\User.js","statementMap":{"0":{"start":{"line":1,"column":17},"end":{"line":1,"column":36}},"1":{"start":{"line":3,"column":19},"end":{"line":35,"column":1}},"2":{"start":{"line":38,"column":0},"end":{"line":44,"column":3}},"3":{"start":{"line":43,"column":4},"end":{"line":43,"column":34}},"4":{"start":{"line":46,"column":0},"end":{"line":48,"column":3}},"5":{"start":{"line":50,"column":0},"end":{"line":50,"column":50}}},"fnMap":{"0":{"name":"(anonymous_0)","decl":{"start":{"line":38,"column":29},"end":{"line":38,"column":30}},"loc":{"start":{"line":38,"column":41},"end":{"line":44,"column":1}},"line":38}},"branchMap":{},"s":{"0":2,"1":2,"2":2,"3":1,"4":2,"5":2},"f":{"0":1},"b":{},"_coverageSchema":"1a1c01bbd47fc00a2c39e90264f33305004495a9","hash":"76d7447cf9cf9c6fa6537a66a87fd5ce6c48f593"}
,"C:\\Users\\A\\Desktop\\moh\\eshop-mern\\routes\\categories.js": {"path":"C:\\Users\\A\\Desktop\\moh\\eshop-mern\\routes\\categories.js","statementMap":{"0":{"start":{"line":2,"column":17},"end":{"line":2,"column":46}},"1":{"start":{"line":4,"column":15},"end":{"line":4,"column":42}},"2":{"start":{"line":10,"column":6},"end":{"line":10,"column":30}},"3":{"start":{"line":14,"column":0},"end":{"line":33,"column":3}},"4":{"start":{"line":16,"column":25},"end":{"line":18,"column":6}},"5":{"start":{"line":20,"column":4},"end":{"line":31,"column":5}},"6":{"start":{"line":21,"column":30},"end":{"line":21,"column":54}},"7":{"start":{"line":22,"column":8},"end":{"line":24,"column":9}},"8":{"start":{"line":23,"column":12},"end":{"line":23,"column":69}},"9":{"start":{"line":25,"column":8},"end":{"line":25,"column":44}},"10":{"start":{"line":27,"column":8},"end":{"line":30,"column":11}},"11":{"start":{"line":36,"column":0},"end":{"line":63,"column":3}},"12":{"start":{"line":38,"column":4},"end":{"line":62,"column":5}},"13":{"start":{"line":39,"column":28},"end":{"line":45,"column":9}},"14":{"start":{"line":47,"column":8},"end":{"line":59,"column":9}},"15":{"start":{"line":48,"column":12},"end":{"line":51,"column":15}},"16":{"start":{"line":53,"column":12},"end":{"line":57,"column":14}},"17":{"start":{"line":61,"column":8},"end":{"line":61,"column":34}},"18":{"start":{"line":67,"column":0},"end":{"line":88,"column":3}},"19":{"start":{"line":69,"column":4},"end":{"line":86,"column":5}},"20":{"start":{"line":70,"column":32},"end":{"line":70,"column":70}},"21":{"start":{"line":71,"column":8},"end":{"line":82,"column":9}},"22":{"start":{"line":72,"column":12},"end":{"line":75,"column":15}},"23":{"start":{"line":77,"column":12},"end":{"line":77,"column":46}},"24":{"start":{"line":78,"column":12},"end":{"line":81,"column":15}},"25":{"start":{"line":85,"column":8},"end":{"line":85,"column":34}},"26":{"start":{"line":92,"column":0},"end":{"line":108,"column":3}},"27":{"start":{"line":94,"column":25},"end":{"line":94,"column":46}},"28":{"start":{"line":95,"column":4},"end":{"line":106,"column":5}},"29":{"start":{"line":96,"column":8},"end":{"line":103,"column":9}},"30":{"start":{"line":97,"column":12},"end":{"line":100,"column":15}},"31":{"start":{"line":102,"column":12},"end":{"line":102,"column":47}},"32":{"start":{"line":105,"column":8},"end":{"line":105,"column":34}},"33":{"start":{"line":111,"column":0},"end":{"line":129,"column":3}},"34":{"start":{"line":113,"column":4},"end":{"line":125,"column":5}},"35":{"start":{"line":114,"column":21},"end":{"line":114,"column":59}},"36":{"start":{"line":115,"column":8},"end":{"line":122,"column":9}},"37":{"start":{"line":116,"column":12},"end":{"line":119,"column":15}},"38":{"start":{"line":121,"column":12},"end":{"line":121,"column":39}},"39":{"start":{"line":124,"column":8},"end":{"line":124,"column":34}},"40":{"start":{"line":134,"column":0},"end":{"line":134,"column":23}}},"fnMap":{"0":{"name":"(anonymous_0)","decl":{"start":{"line":14,"column":50},"end":{"line":14,"column":51}},"loc":{"start":{"line":14,"column":66},"end":{"line":33,"column":1}},"line":14},"1":{"name":"(anonymous_1)","decl":{"start":{"line":36,"column":51},"end":{"line":36,"column":52}},"loc":{"start":{"line":36,"column":68},"end":{"line":63,"column":1}},"line":36},"2":{"name":"(anonymous_2)","decl":{"start":{"line":67,"column":55},"end":{"line":67,"column":56}},"loc":{"start":{"line":67,"column":72},"end":{"line":88,"column":1}},"line":67},"3":{"name":"(anonymous_3)","decl":{"start":{"line":92,"column":16},"end":{"line":92,"column":17}},"loc":{"start":{"line":92,"column":32},"end":{"line":108,"column":1}},"line":92},"4":{"name":"(anonymous_4)","decl":{"start":{"line":111,"column":18},"end":{"line":111,"column":19}},"loc":{"start":{"line":111,"column":35},"end":{"line":129,"column":1}},"line":111}},"branchMap":{"0":{"loc":{"start":{"line":22,"column":8},"end":{"line":24,"column":9}},"type":"if","locations":[{"start":{"line":22,"column":8},"end":{"line":24,"column":9}},{"start":{},"end":{}}],"line":22},"1":{"loc":{"start":{"line":47,"column":8},"end":{"line":59,"column":9}},"type":"if","locations":[{"start":{"line":47,"column":8},"end":{"line":59,"column":9}},{"start":{"line":52,"column":14},"end":{"line":59,"column":9}}],"line":47},"2":{"loc":{"start":{"line":71,"column":8},"end":{"line":82,"column":9}},"type":"if","locations":[{"start":{"line":71,"column":8},"end":{"line":82,"column":9}},{"start":{"line":76,"column":14},"end":{"line":82,"column":9}}],"line":71},"3":{"loc":{"start":{"line":96,"column":8},"end":{"line":103,"column":9}},"type":"if","locations":[{"start":{"line":96,"column":8},"end":{"line":103,"column":9}},{"start":{"line":101,"column":14},"end":{"line":103,"column":9}}],"line":96},"4":{"loc":{"start":{"line":115,"column":8},"end":{"line":122,"column":9}},"type":"if","locations":[{"start":{"line":115,"column":8},"end":{"line":122,"column":9}},{"start":{"line":120,"column":14},"end":{"line":122,"column":9}}],"line":115}},"s":{"0":2,"1":2,"2":2,"3":2,"4":1,"5":1,"6":1,"7":1,"8":0,"9":1,"10":0,"11":2,"12":1,"13":1,"14":1,"15":0,"16":1,"17":0,"18":2,"19":1,"20":1,"21":1,"22":0,"23":1,"24":1,"25":0,"26":2,"27":0,"28":0,"29":0,"30":0,"31":0,"32":0,"33":2,"34":0,"35":0,"36":0,"37":0,"38":0,"39":0,"40":2},"f":{"0":1,"1":1,"2":1,"3":0,"4":0},"b":{"0":[0,1],"1":[0,1],"2":[0,1],"3":[0,0],"4":[0,0]},"_coverageSchema":"1a1c01bbd47fc00a2c39e90264f33305004495a9","hash":"a187d4a7a03f6c88c1415eb5630d1814f4aea32f"}
,"C:\\Users\\A\\Desktop\\moh\\eshop-mern\\routes\\products.js": {"path":"C:\\Users\\A\\Desktop\\moh\\eshop-mern\\routes\\products.js","statementMap":{"0":{"start":{"line":2,"column":16},"end":{"line":2,"column":44}},"1":{"start":{"line":3,"column":17},"end":{"line":3,"column":46}},"2":{"start":{"line":4,"column":17},"end":{"line":4,"column":36}},"3":{"start":{"line":5,"column":13},"end":{"line":5,"column":28}},"4":{"start":{"line":6,"column":11},"end":{"line":6,"column":24}},"5":{"start":{"line":9,"column":15},"end":{"line":9,"column":42}},"6":{"start":{"line":15,"column":6},"end":{"line":15,"column":30}},"7":{"start":{"line":17,"column":14},"end":{"line":17,"column":31}},"8":{"start":{"line":19,"column":22},"end":{"line":23,"column":1}},"9":{"start":{"line":26,"column":18},"end":{"line":42,"column":6}},"10":{"start":{"line":28,"column":25},"end":{"line":28,"column":53}},"11":{"start":{"line":29,"column":26},"end":{"line":29,"column":57}},"12":{"start":{"line":31,"column":8},"end":{"line":33,"column":9}},"13":{"start":{"line":32,"column":12},"end":{"line":32,"column":31}},"14":{"start":{"line":34,"column":8},"end":{"line":34,"column":42}},"15":{"start":{"line":37,"column":25},"end":{"line":37,"column":60}},"16":{"start":{"line":39,"column":26},"end":{"line":39,"column":54}},"17":{"start":{"line":40,"column":8},"end":{"line":40,"column":59}},"18":{"start":{"line":44,"column":26},"end":{"line":47,"column":6}},"19":{"start":{"line":51,"column":0},"end":{"line":104,"column":3}},"20":{"start":{"line":54,"column":21},"end":{"line":54,"column":63}},"21":{"start":{"line":55,"column":4},"end":{"line":57,"column":5}},"22":{"start":{"line":56,"column":8},"end":{"line":56,"column":56}},"23":{"start":{"line":60,"column":17},"end":{"line":60,"column":25}},"24":{"start":{"line":61,"column":4},"end":{"line":63,"column":5}},"25":{"start":{"line":62,"column":8},"end":{"line":62,"column":57}},"26":{"start":{"line":67,"column":24},"end":{"line":67,"column":62}},"27":{"start":{"line":68,"column":28},"end":{"line":68,"column":51}},"28":{"start":{"line":69,"column":34},"end":{"line":69,"column":72}},"29":{"start":{"line":70,"column":33},"end":{"line":70,"column":58}},"30":{"start":{"line":71,"column":27},"end":{"line":71,"column":53}},"31":{"start":{"line":74,"column":21},"end":{"line":74,"column":38}},"32":{"start":{"line":75,"column":21},"end":{"line":75,"column":32}},"33":{"start":{"line":76,"column":23},"end":{"line":85,"column":6}},"34":{"start":{"line":87,"column":4},"end":{"line":102,"column":5}},"35":{"start":{"line":88,"column":29},"end":{"line":88,"column":52}},"36":{"start":{"line":89,"column":8},"end":{"line":96,"column":9}},"37":{"start":{"line":90,"column":12},"end":{"line":93,"column":15}},"38":{"start":{"line":95,"column":12},"end":{"line":95,"column":47}},"39":{"start":{"line":98,"column":8},"end":{"line":101,"column":11}},"40":{"start":{"line":107,"column":0},"end":{"line":174,"column":3}},"41":{"start":{"line":109,"column":4},"end":{"line":111,"column":5}},"42":{"start":{"line":110,"column":8},"end":{"line":110,"column":43}},"43":{"start":{"line":113,"column":21},"end":{"line":113,"column":63}},"44":{"start":{"line":114,"column":4},"end":{"line":116,"column":5}},"45":{"start":{"line":115,"column":8},"end":{"line":115,"column":56}},"46":{"start":{"line":118,"column":20},"end":{"line":118,"column":57}},"47":{"start":{"line":119,"column":4},"end":{"line":121,"column":5}},"48":{"start":{"line":120,"column":8},"end":{"line":120,"column":55}},"49":{"start":{"line":123,"column":17},"end":{"line":123,"column":25}},"50":{"start":{"line":126,"column":4},"end":{"line":144,"column":5}},"51":{"start":{"line":127,"column":25},"end":{"line":127,"column":42}},"52":{"start":{"line":128,"column":25},"end":{"line":128,"column":36}},"53":{"start":{"line":129,"column":4},"end":{"line":129,"column":40}},"54":{"start":{"line":132,"column":25},"end":{"line":132,"column":75}},"55":{"start":{"line":134,"column":4},"end":{"line":141,"column":6}},"56":{"start":{"line":135,"column":8},"end":{"line":140,"column":9}},"57":{"start":{"line":136,"column":12},"end":{"line":136,"column":30}},"58":{"start":{"line":137,"column":12},"end":{"line":137,"column":18}},"59":{"start":{"line":139,"column":12},"end":{"line":139,"column":40}},"60":{"start":{"line":143,"column":8},"end":{"line":143,"column":34}},"61":{"start":{"line":148,"column":4},"end":{"line":173,"column":5}},"62":{"start":{"line":149,"column":8},"end":{"line":149,"column":35}},"63":{"start":{"line":150,"column":27},"end":{"line":156,"column":9}},"64":{"start":{"line":158,"column":8},"end":{"line":170,"column":9}},"65":{"start":{"line":159,"column":12},"end":{"line":162,"column":15}},"66":{"start":{"line":164,"column":12},"end":{"line":168,"column":15}},"67":{"start":{"line":172,"column":8},"end":{"line":172,"column":34}},"68":{"start":{"line":178,"column":0},"end":{"line":201,"column":3}},"69":{"start":{"line":180,"column":4},"end":{"line":200,"column":5}},"70":{"start":{"line":181,"column":17},"end":{"line":181,"column":19}},"71":{"start":{"line":182,"column":4},"end":{"line":184,"column":5}},"72":{"start":{"line":183,"column":8},"end":{"line":183,"column":61}},"73":{"start":{"line":185,"column":24},"end":{"line":185,"column":93}},"74":{"start":{"line":187,"column":4},"end":{"line":197,"column":5}},"75":{"start":{"line":188,"column":8},"end":{"line":191,"column":11}},"76":{"start":{"line":193,"column":8},"end":{"line":196,"column":11}},"77":{"start":{"line":199,"column":4},"end":{"line":199,"column":30}},"78":{"start":{"line":204,"column":0},"end":{"line":225,"column":3}},"79":{"start":{"line":206,"column":20},"end":{"line":206,"column":78}},"80":{"start":{"line":208,"column":4},"end":{"line":223,"column":5}},"81":{"start":{"line":209,"column":8},"end":{"line":220,"column":9}},"82":{"start":{"line":210,"column":12},"end":{"line":213,"column":15}},"83":{"start":{"line":215,"column":12},"end":{"line":219,"column":15}},"84":{"start":{"line":222,"column":8},"end":{"line":222,"column":34}},"85":{"start":{"line":228,"column":0},"end":{"line":260,"column":3}},"86":{"start":{"line":229,"column":4},"end":{"line":258,"column":5}},"87":{"start":{"line":230,"column":31},"end":{"line":230,"column":68}},"88":{"start":{"line":231,"column":8},"end":{"line":254,"column":9}},"89":{"start":{"line":232,"column":12},"end":{"line":235,"column":15}},"90":{"start":{"line":237,"column":12},"end":{"line":237,"column":45}},"91":{"start":{"line":240,"column":33},"end":{"line":240,"column":90}},"92":{"start":{"line":242,"column":12},"end":{"line":249,"column":14}},"93":{"start":{"line":243,"column":16},"end":{"line":248,"column":17}},"94":{"start":{"line":244,"column":20},"end":{"line":244,"column":38}},"95":{"start":{"line":245,"column":20},"end":{"line":245,"column":26}},"96":{"start":{"line":247,"column":20},"end":{"line":247,"column":48}},"97":{"start":{"line":250,"column":12},"end":{"line":253,"column":15}},"98":{"start":{"line":257,"column":8},"end":{"line":257,"column":34}},"99":{"start":{"line":264,"column":0},"end":{"line":282,"column":3}},"100":{"start":{"line":266,"column":4},"end":{"line":281,"column":5}},"101":{"start":{"line":267,"column":30},"end":{"line":267,"column":60}},"102":{"start":{"line":268,"column":8},"end":{"line":275,"column":9}},"103":{"start":{"line":269,"column":12},"end":{"line":272,"column":15}},"104":{"start":{"line":274,"column":12},"end":{"line":274,"column":71}},"105":{"start":{"line":277,"column":8},"end":{"line":280,"column":10}},"106":{"start":{"line":286,"column":0},"end":{"line":302,"column":3}},"107":{"start":{"line":287,"column":4},"end":{"line":301,"column":5}},"108":{"start":{"line":288,"column":18},"end":{"line":288,"column":57}},"109":{"start":{"line":289,"column":28},"end":{"line":289,"column":80}},"110":{"start":{"line":290,"column":4},"end":{"line":298,"column":5}},"111":{"start":{"line":291,"column":8},"end":{"line":291,"column":45}},"112":{"start":{"line":293,"column":8},"end":{"line":297,"column":11}},"113":{"start":{"line":300,"column":4},"end":{"line":300,"column":30}},"114":{"start":{"line":306,"column":0},"end":{"line":340,"column":3}},"115":{"start":{"line":309,"column":4},"end":{"line":311,"column":5}},"116":{"start":{"line":310,"column":8},"end":{"line":310,"column":43}},"117":{"start":{"line":312,"column":18},"end":{"line":312,"column":27}},"118":{"start":{"line":313,"column":22},"end":{"line":313,"column":24}},"119":{"start":{"line":314,"column":21},"end":{"line":314,"column":75}},"120":{"start":{"line":315,"column":4},"end":{"line":319,"column":5}},"121":{"start":{"line":316,"column":8},"end":{"line":318,"column":11}},"122":{"start":{"line":317,"column":12},"end":{"line":317,"column":60}},"123":{"start":{"line":321,"column":4},"end":{"line":337,"column":5}},"124":{"start":{"line":322,"column":28},"end":{"line":327,"column":13}},"125":{"start":{"line":329,"column":8},"end":{"line":333,"column":9}},"126":{"start":{"line":330,"column":12},"end":{"line":330,"column":69}},"127":{"start":{"line":332,"column":12},"end":{"line":332,"column":46}},"128":{"start":{"line":336,"column":8},"end":{"line":336,"column":34}},"129":{"start":{"line":342,"column":0},"end":{"line":342,"column":23}}},"fnMap":{"0":{"name":"(anonymous_0)","decl":{"start":{"line":27,"column":19},"end":{"line":27,"column":20}},"loc":{"start":{"line":27,"column":44},"end":{"line":35,"column":7}},"line":27},"1":{"name":"(anonymous_1)","decl":{"start":{"line":36,"column":16},"end":{"line":36,"column":17}},"loc":{"start":{"line":36,"column":41},"end":{"line":41,"column":7}},"line":36},"2":{"name":"(anonymous_2)","decl":{"start":{"line":51,"column":81},"end":{"line":51,"column":82}},"loc":{"start":{"line":51,"column":97},"end":{"line":104,"column":1}},"line":51},"3":{"name":"(anonymous_3)","decl":{"start":{"line":107,"column":83},"end":{"line":107,"column":84}},"loc":{"start":{"line":107,"column":100},"end":{"line":174,"column":1}},"line":107},"4":{"name":"(anonymous_4)","decl":{"start":{"line":134,"column":28},"end":{"line":134,"column":29}},"loc":{"start":{"line":134,"column":37},"end":{"line":141,"column":5}},"line":134},"5":{"name":"(anonymous_5)","decl":{"start":{"line":178,"column":16},"end":{"line":178,"column":17}},"loc":{"start":{"line":178,"column":32},"end":{"line":201,"column":1}},"line":178},"6":{"name":"(anonymous_6)","decl":{"start":{"line":204,"column":19},"end":{"line":204,"column":20}},"loc":{"start":{"line":204,"column":36},"end":{"line":225,"column":1}},"line":204},"7":{"name":"(anonymous_7)","decl":{"start":{"line":228,"column":55},"end":{"line":228,"column":56}},"loc":{"start":{"line":228,"column":72},"end":{"line":260,"column":1}},"line":228},"8":{"name":"(anonymous_8)","decl":{"start":{"line":242,"column":36},"end":{"line":242,"column":37}},"loc":{"start":{"line":242,"column":45},"end":{"line":249,"column":13}},"line":242},"9":{"name":"(anonymous_9)","decl":{"start":{"line":264,"column":26},"end":{"line":264,"column":27}},"loc":{"start":{"line":264,"column":44},"end":{"line":282,"column":1}},"line":264},"10":{"name":"(anonymous_10)","decl":{"start":{"line":286,"column":35},"end":{"line":286,"column":36}},"loc":{"start":{"line":286,"column":51},"end":{"line":302,"column":1}},"line":286},"11":{"name":"(anonymous_11)","decl":{"start":{"line":306,"column":89},"end":{"line":306,"column":90}},"loc":{"start":{"line":306,"column":105},"end":{"line":340,"column":1}},"line":306},"12":{"name":"(anonymous_12)","decl":{"start":{"line":316,"column":18},"end":{"line":316,"column":19}},"loc":{"start":{"line":316,"column":24},"end":{"line":318,"column":9}},"line":316}},"branchMap":{"0":{"loc":{"start":{"line":31,"column":8},"end":{"line":33,"column":9}},"type":"if","locations":[{"start":{"line":31,"column":8},"end":{"line":33,"column":9}},{"start":{},"end":{}}],"line":31},"1":{"loc":{"start":{"line":55,"column":4},"end":{"line":57,"column":5}},"type":"if","locations":[{"start":{"line":55,"column":4},"end":{"line":57,"column":5}},{"start":{},"end":{}}],"line":55},"2":{"loc":{"start":{"line":61,"column":4},"end":{"line":63,"column":5}},"type":"if","locations":[{"start":{"line":61,"column":4},"end":{"line":63,"column":5}},{"start":{},"end":{}}],"line":61},"3":{"loc":{"start":{"line":89,"column":8},"end":{"line":96,"column":9}},"type":"if","locations":[{"start":{"line":89,"column":8},"end":{"line":96,"column":9}},{"start":{"line":94,"column":14},"end":{"line":96,"column":9}}],"line":89},"4":{"loc":{"start":{"line":109,"column":4},"end":{"line":111,"column":5}},"type":"if","locations":[{"start":{"line":109,"column":4},"end":{"line":111,"column":5}},{"start":{},"end":{}}],"line":109},"5":{"loc":{"start":{"line":114,"column":4},"end":{"line":116,"column":5}},"type":"if","locations":[{"start":{"line":114,"column":4},"end":{"line":116,"column":5}},{"start":{},"end":{}}],"line":114},"6":{"loc":{"start":{"line":119,"column":4},"end":{"line":121,"column":5}},"type":"if","locations":[{"start":{"line":119,"column":4},"end":{"line":121,"column":5}},{"start":{},"end":{}}],"line":119},"7":{"loc":{"start":{"line":126,"column":4},"end":{"line":144,"column":5}},"type":"if","locations":[{"start":{"line":126,"column":4},"end":{"line":144,"column":5}},{"start":{"line":142,"column":10},"end":{"line":144,"column":5}}],"line":126},"8":{"loc":{"start":{"line":135,"column":8},"end":{"line":140,"column":9}},"type":"if","locations":[{"start":{"line":135,"column":8},"end":{"line":140,"column":9}},{"start":{"line":138,"column":15},"end":{"line":140,"column":9}}],"line":135},"9":{"loc":{"start":{"line":158,"column":8},"end":{"line":170,"column":9}},"type":"if","locations":[{"start":{"line":158,"column":8},"end":{"line":170,"column":9}},{"start":{"line":163,"column":14},"end":{"line":170,"column":9}}],"line":158},"10":{"loc":{"start":{"line":182,"column":4},"end":{"line":184,"column":5}},"type":"if","locations":[{"start":{"line":182,"column":4},"end":{"line":184,"column":5}},{"start":{},"end":{}}],"line":182},"11":{"loc":{"start":{"line":187,"column":4},"end":{"line":197,"column":5}},"type":"if","locations":[{"start":{"line":187,"column":4},"end":{"line":197,"column":5}},{"start":{"line":192,"column":10},"end":{"line":197,"column":5}}],"line":187},"12":{"loc":{"start":{"line":209,"column":8},"end":{"line":220,"column":9}},"type":"if","locations":[{"start":{"line":209,"column":8},"end":{"line":220,"column":9}},{"start":{"line":214,"column":14},"end":{"line":220,"column":9}}],"line":209},"13":{"loc":{"start":{"line":231,"column":8},"end":{"line":254,"column":9}},"type":"if","locations":[{"start":{"line":231,"column":8},"end":{"line":254,"column":9}},{"start":{"line":236,"column":14},"end":{"line":254,"column":9}}],"line":231},"14":{"loc":{"start":{"line":243,"column":16},"end":{"line":248,"column":17}},"type":"if","locations":[{"start":{"line":243,"column":16},"end":{"line":248,"column":17}},{"start":{"line":246,"column":23},"end":{"line":248,"column":17}}],"line":243},"15":{"loc":{"start":{"line":268,"column":8},"end":{"line":275,"column":9}},"type":"if","locations":[{"start":{"line":268,"column":8},"end":{"line":275,"column":9}},{"start":{"line":273,"column":14},"end":{"line":275,"column":9}}],"line":268},"16":{"loc":{"start":{"line":288,"column":18},"end":{"line":288,"column":57}},"type":"cond-expr","locations":[{"start":{"line":288,"column":37},"end":{"line":288,"column":53}},{"start":{"line":288,"column":56},"end":{"line":288,"column":57}}],"line":288},"17":{"loc":{"start":{"line":290,"column":4},"end":{"line":298,"column":5}},"type":"if","locations":[{"start":{"line":290,"column":4},"end":{"line":298,"column":5}},{"start":{"line":292,"column":10},"end":{"line":298,"column":5}}],"line":290},"18":{"loc":{"start":{"line":309,"column":4},"end":{"line":311,"column":5}},"type":"if","locations":[{"start":{"line":309,"column":4},"end":{"line":311,"column":5}},{"start":{},"end":{}}],"line":309},"19":{"loc":{"start":{"line":315,"column":4},"end":{"line":319,"column":5}},"type":"if","locations":[{"start":{"line":315,"column":4},"end":{"line":319,"column":5}},{"start":{},"end":{}}],"line":315},"20":{"loc":{"start":{"line":329,"column":8},"end":{"line":333,"column":9}},"type":"if","locations":[{"start":{"line":329,"column":8},"end":{"line":333,"column":9}},{"start":{"line":331,"column":14},"end":{"line":333,"column":9}}],"line":329}},"s":{"0":2,"1":2,"2":2,"3":2,"4":2,"5":2,"6":2,"7":2,"8":2,"9":2,"10":2,"11":2,"12":2,"13":2,"14":2,"15":2,"16":2,"17":2,"18":2,"19":2,"20":1,"21":1,"22":0,"23":1,"24":1,"25":0,"26":1,"27":1,"28":1,"29":1,"30":1,"31":1,"32":1,"33":1,"34":1,"35":1,"36":1,"37":0,"38":1,"39":0,"40":2,"41":1,"42":0,"43":1,"44":1,"45":0,"46":1,"47":1,"48":0,"49":1,"50":1,"51":1,"52":1,"53":1,"54":1,"55":1,"56":1,"57":0,"58":0,"59":1,"60":0,"61":1,"62":1,"63":1,"64":1,"65":0,"66":1,"67":0,"68":2,"69":0,"70":0,"71":0,"72":0,"73":0,"74":0,"75":0,"76":0,"77":0,"78":2,"79":0,"80":0,"81":0,"82":0,"83":0,"84":0,"85":2,"86":1,"87":1,"88":1,"89":0,"90":1,"91":1,"92":1,"93":1,"94":0,"95":0,"96":1,"97":1,"98":0,"99":2,"100":0,"101":0,"102":0,"103":0,"104":0,"105":0,"106":2,"107":0,"108":0,"109":0,"110":0,"111":0,"112":0,"113":0,"114":2,"115":0,"116":0,"117":0,"118":0,"119":0,"120":0,"121":0,"122":0,"123":0,"124":0,"125":0,"126":0,"127":0,"128":0,"129":2},"f":{"0":2,"1":2,"2":1,"3":1,"4":1,"5":0,"6":0,"7":1,"8":1,"9":0,"10":0,"11":0,"12":0},"b":{"0":[2,0],"1":[0,1],"2":[0,1],"3":[0,1],"4":[0,1],"5":[0,1],"6":[0,1],"7":[1,0],"8":[0,1],"9":[0,1],"10":[0,0],"11":[0,0],"12":[0,0],"13":[0,1],"14":[0,1],"15":[0,0],"16":[0,0],"17":[0,0],"18":[0,0],"19":[0,0],"20":[0,0]},"_coverageSchema":"1a1c01bbd47fc00a2c39e90264f33305004495a9","hash":"341ed0f08f40bfabe2c3a45cd0e2354a4656b114"}
,"C:\\Users\\A\\Desktop\\moh\\eshop-mern\\routes\\users.js": {"path":"C:\\Users\\A\\Desktop\\moh\\eshop-mern\\routes\\users.js","statementMap":{"0":{"start":{"line":2,"column":15},"end":{"line":2,"column":42}},"1":{"start":{"line":3,"column":17},"end":{"line":3,"column":36}},"2":{"start":{"line":4,"column":15},"end":{"line":4,"column":32}},"3":{"start":{"line":5,"column":13},"end":{"line":5,"column":38}},"4":{"start":{"line":6,"column":12},"end":{"line":6,"column":35}},"5":{"start":{"line":12,"column":6},"end":{"line":12,"column":30}},"6":{"start":{"line":16,"column":0},"end":{"line":37,"column":2}},"7":{"start":{"line":17,"column":4},"end":{"line":35,"column":5}},"8":{"start":{"line":18,"column":21},"end":{"line":18,"column":45}},"9":{"start":{"line":20,"column":24},"end":{"line":20,"column":69}},"10":{"start":{"line":21,"column":8},"end":{"line":21,"column":72}},"11":{"start":{"line":21,"column":21},"end":{"line":21,"column":72}},"12":{"start":{"line":23,"column":31},"end":{"line":23,"column":73}},"13":{"start":{"line":24,"column":24},"end":{"line":28,"column":10}},"14":{"start":{"line":29,"column":21},"end":{"line":29,"column":41}},"15":{"start":{"line":30,"column":28},"end":{"line":30,"column":122}},"16":{"start":{"line":31,"column":36},"end":{"line":31,"column":45}},"17":{"start":{"line":32,"column":8},"end":{"line":32,"column":53}},"18":{"start":{"line":34,"column":8},"end":{"line":34,"column":43}},"19":{"start":{"line":40,"column":0},"end":{"line":55,"column":3}},"20":{"start":{"line":41,"column":4},"end":{"line":54,"column":5}},"21":{"start":{"line":42,"column":21},"end":{"line":42,"column":66}},"22":{"start":{"line":43,"column":8},"end":{"line":43,"column":56}},"23":{"start":{"line":45,"column":26},"end":{"line":45,"column":80}},"24":{"start":{"line":46,"column":8},"end":{"line":46,"column":61}},"25":{"start":{"line":48,"column":28},"end":{"line":48,"column":122}},"26":{"start":{"line":49,"column":36},"end":{"line":49,"column":45}},"27":{"start":{"line":50,"column":8},"end":{"line":50,"column":53}},"28":{"start":{"line":51,"column":8},"end":{"line":51,"column":85}},"29":{"start":{"line":53,"column":8},"end":{"line":53,"column":34}},"30":{"start":{"line":60,"column":0},"end":{"line":88,"column":3}},"31":{"start":{"line":61,"column":4},"end":{"line":87,"column":5}},"32":{"start":{"line":62,"column":21},"end":{"line":62,"column":64}},"33":{"start":{"line":63,"column":8},"end":{"line":84,"column":9}},"34":{"start":{"line":64,"column":32},"end":{"line":64,"column":125}},"35":{"start":{"line":65,"column":40},"end":{"line":65,"column":49}},"36":{"start":{"line":66,"column":12},"end":{"line":66,"column":57}},"37":{"start":{"line":68,"column":25},"end":{"line":68,"column":49}},"38":{"start":{"line":69,"column":35},"end":{"line":69,"column":77}},"39":{"start":{"line":70,"column":28},"end":{"line":76,"column":14}},"40":{"start":{"line":77,"column":25},"end":{"line":77,"column":45}},"41":{"start":{"line":78,"column":32},"end":{"line":78,"column":125}},"42":{"start":{"line":79,"column":40},"end":{"line":79,"column":49}},"43":{"start":{"line":80,"column":12},"end":{"line":80,"column":57}},"44":{"start":{"line":82,"column":12},"end":{"line":82,"column":40}},"45":{"start":{"line":83,"column":12},"end":{"line":83,"column":30}},"46":{"start":{"line":86,"column":8},"end":{"line":86,"column":34}},"47":{"start":{"line":93,"column":0},"end":{"line":114,"column":3}},"48":{"start":{"line":95,"column":17},"end":{"line":95,"column":51}},"49":{"start":{"line":98,"column":4},"end":{"line":113,"column":5}},"50":{"start":{"line":99,"column":8},"end":{"line":110,"column":9}},"51":{"start":{"line":100,"column":12},"end":{"line":103,"column":15}},"52":{"start":{"line":105,"column":12},"end":{"line":109,"column":15}},"53":{"start":{"line":112,"column":8},"end":{"line":112,"column":34}},"54":{"start":{"line":119,"column":0},"end":{"line":138,"column":3}},"55":{"start":{"line":121,"column":4},"end":{"line":136,"column":5}},"56":{"start":{"line":122,"column":27},"end":{"line":122,"column":70}},"57":{"start":{"line":123,"column":8},"end":{"line":133,"column":9}},"58":{"start":{"line":124,"column":12},"end":{"line":127,"column":15}},"59":{"start":{"line":129,"column":12},"end":{"line":132,"column":15}},"60":{"start":{"line":135,"column":8},"end":{"line":135,"column":34}},"61":{"start":{"line":141,"column":0},"end":{"line":177,"column":3}},"62":{"start":{"line":145,"column":4},"end":{"line":152,"column":5}},"63":{"start":{"line":146,"column":8},"end":{"line":151,"column":9}},"64":{"start":{"line":147,"column":25},"end":{"line":147,"column":49}},"65":{"start":{"line":148,"column":12},"end":{"line":148,"column":83}},"66":{"start":{"line":150,"column":16},"end":{"line":150,"column":49}},"67":{"start":{"line":154,"column":4},"end":{"line":174,"column":5}},"68":{"start":{"line":155,"column":28},"end":{"line":161,"column":9}},"69":{"start":{"line":162,"column":8},"end":{"line":170,"column":9}},"70":{"start":{"line":163,"column":12},"end":{"line":163,"column":51}},"71":{"start":{"line":165,"column":12},"end":{"line":169,"column":15}},"72":{"start":{"line":173,"column":8},"end":{"line":173,"column":33}},"73":{"start":{"line":183,"column":0},"end":{"line":183,"column":23}}},"fnMap":{"0":{"name":"(anonymous_0)","decl":{"start":{"line":16,"column":25},"end":{"line":16,"column":26}},"loc":{"start":{"line":16,"column":45},"end":{"line":36,"column":1}},"line":16},"1":{"name":"(anonymous_1)","decl":{"start":{"line":40,"column":22},"end":{"line":40,"column":23}},"loc":{"start":{"line":40,"column":42},"end":{"line":55,"column":1}},"line":40},"2":{"name":"(anonymous_2)","decl":{"start":{"line":60,"column":28},"end":{"line":60,"column":29}},"loc":{"start":{"line":60,"column":48},"end":{"line":88,"column":1}},"line":60},"3":{"name":"(anonymous_3)","decl":{"start":{"line":93,"column":19},"end":{"line":93,"column":20}},"loc":{"start":{"line":93,"column":36},"end":{"line":114,"column":1}},"line":93},"4":{"name":"(anonymous_4)","decl":{"start":{"line":119,"column":62},"end":{"line":119,"column":63}},"loc":{"start":{"line":119,"column":78},"end":{"line":138,"column":1}},"line":119},"5":{"name":"(anonymous_5)","decl":{"start":{"line":141,"column":59},"end":{"line":141,"column":60}},"loc":{"start":{"line":141,"column":75},"end":{"line":177,"column":1}},"line":141}},"branchMap":{"0":{"loc":{"start":{"line":21,"column":8},"end":{"line":21,"column":72}},"type":"if","locations":[{"start":{"line":21,"column":8},"end":{"line":21,"column":72}},{"start":{},"end":{}}],"line":21},"1":{"loc":{"start":{"line":43,"column":8},"end":{"line":43,"column":55}},"type":"binary-expr","locations":[{"start":{"line":43,"column":8},"end":{"line":43,"column":13}},{"start":{"line":43,"column":17},"end":{"line":43,"column":55}}],"line":43},"2":{"loc":{"start":{"line":46,"column":8},"end":{"line":46,"column":60}},"type":"binary-expr","locations":[{"start":{"line":46,"column":8},"end":{"line":46,"column":18}},{"start":{"line":46,"column":22},"end":{"line":46,"column":60}}],"line":46},"3":{"loc":{"start":{"line":63,"column":8},"end":{"line":84,"column":9}},"type":"if","locations":[{"start":{"line":63,"column":8},"end":{"line":84,"column":9}},{"start":{"line":67,"column":13},"end":{"line":84,"column":9}}],"line":63},"4":{"loc":{"start":{"line":99,"column":8},"end":{"line":110,"column":9}},"type":"if","locations":[{"start":{"line":99,"column":8},"end":{"line":110,"column":9}},{"start":{"line":104,"column":14},"end":{"line":110,"column":9}}],"line":99},"5":{"loc":{"start":{"line":123,"column":8},"end":{"line":133,"column":9}},"type":"if","locations":[{"start":{"line":123,"column":8},"end":{"line":133,"column":9}},{"start":{"line":128,"column":14},"end":{"line":133,"column":9}}],"line":123},"6":{"loc":{"start":{"line":145,"column":4},"end":{"line":152,"column":5}},"type":"if","locations":[{"start":{"line":145,"column":4},"end":{"line":152,"column":5}},{"start":{},"end":{}}],"line":145},"7":{"loc":{"start":{"line":162,"column":8},"end":{"line":170,"column":9}},"type":"if","locations":[{"start":{"line":162,"column":8},"end":{"line":170,"column":9}},{"start":{"line":164,"column":14},"end":{"line":170,"column":9}}],"line":162}},"s":{"0":2,"1":2,"2":2,"3":2,"4":2,"5":2,"6":2,"7":2,"8":2,"9":2,"10":2,"11":0,"12":2,"13":2,"14":2,"15":2,"16":2,"17":2,"18":0,"19":2,"20":1,"21":1,"22":1,"23":1,"24":1,"25":1,"26":1,"27":1,"28":1,"29":0,"30":2,"31":0,"32":0,"33":0,"34":0,"35":0,"36":0,"37":0,"38":0,"39":0,"40":0,"41":0,"42":0,"43":0,"44":0,"45":0,"46":0,"47":2,"48":1,"49":1,"50":1,"51":0,"52":1,"53":0,"54":2,"55":2,"56":2,"57":2,"58":0,"59":2,"60":0,"61":2,"62":0,"63":0,"64":0,"65":0,"66":0,"67":0,"68":0,"69":0,"70":0,"71":0,"72":0,"73":2},"f":{"0":2,"1":1,"2":0,"3":1,"4":2,"5":0},"b":{"0":[0,2],"1":[1,0],"2":[1,0],"3":[0,0],"4":[0,1],"5":[0,2],"6":[0,0],"7":[0,0]},"_coverageSchema":"1a1c01bbd47fc00a2c39e90264f33305004495a9","hash":"297594ffcab142b80d65f4b3b2c86fb5c11e9383"}
,"C:\\Users\\A\\Desktop\\moh\\eshop-mern\\routes\\verifyToken.js": {"path":"C:\\Users\\A\\Desktop\\moh\\eshop-mern\\routes\\verifyToken.js","statementMap":{"0":{"start":{"line":1,"column":12},"end":{"line":1,"column":35}},"1":{"start":{"line":3,"column":20},"end":{"line":15,"column":1}},"2":{"start":{"line":4,"column":21},"end":{"line":4,"column":38}},"3":{"start":{"line":5,"column":2},"end":{"line":14,"column":3}},"4":{"start":{"line":6,"column":18},"end":{"line":6,"column":28}},"5":{"start":{"line":7,"column":4},"end":{"line":11,"column":7}},"6":{"start":{"line":8,"column":6},"end":{"line":8,"column":59}},"7":{"start":{"line":8,"column":15},"end":{"line":8,"column":59}},"8":{"start":{"line":9,"column":6},"end":{"line":9,"column":22}},"9":{"start":{"line":10,"column":6},"end":{"line":10,"column":13}},"10":{"start":{"line":13,"column":4},"end":{"line":13,"column":62}},"11":{"start":{"line":17,"column":36},"end":{"line":25,"column":1}},"12":{"start":{"line":18,"column":2},"end":{"line":24,"column":5}},"13":{"start":{"line":19,"column":4},"end":{"line":23,"column":5}},"14":{"start":{"line":20,"column":6},"end":{"line":20,"column":13}},"15":{"start":{"line":22,"column":6},"end":{"line":22,"column":61}},"16":{"start":{"line":27,"column":28},"end":{"line":35,"column":1}},"17":{"start":{"line":28,"column":2},"end":{"line":34,"column":5}},"18":{"start":{"line":29,"column":4},"end":{"line":33,"column":5}},"19":{"start":{"line":30,"column":6},"end":{"line":30,"column":13}},"20":{"start":{"line":32,"column":6},"end":{"line":32,"column":62}},"21":{"start":{"line":37,"column":0},"end":{"line":41,"column":2}}},"fnMap":{"0":{"name":"(anonymous_0)","decl":{"start":{"line":3,"column":20},"end":{"line":3,"column":21}},"loc":{"start":{"line":3,"column":40},"end":{"line":15,"column":1}},"line":3},"1":{"name":"(anonymous_1)","decl":{"start":{"line":7,"column":46},"end":{"line":7,"column":47}},"loc":{"start":{"line":7,"column":61},"end":{"line":11,"column":5}},"line":7},"2":{"name":"(anonymous_2)","decl":{"start":{"line":17,"column":36},"end":{"line":17,"column":37}},"loc":{"start":{"line":17,"column":56},"end":{"line":25,"column":1}},"line":17},"3":{"name":"(anonymous_3)","decl":{"start":{"line":18,"column":24},"end":{"line":18,"column":25}},"loc":{"start":{"line":18,"column":30},"end":{"line":24,"column":3}},"line":18},"4":{"name":"(anonymous_4)","decl":{"start":{"line":27,"column":28},"end":{"line":27,"column":29}},"loc":{"start":{"line":27,"column":48},"end":{"line":35,"column":1}},"line":27},"5":{"name":"(anonymous_5)","decl":{"start":{"line":28,"column":24},"end":{"line":28,"column":25}},"loc":{"start":{"line":28,"column":30},"end":{"line":34,"column":3}},"line":28}},"branchMap":{"0":{"loc":{"start":{"line":5,"column":2},"end":{"line":14,"column":3}},"type":"if","locations":[{"start":{"line":5,"column":2},"end":{"line":14,"column":3}},{"start":{"line":12,"column":9},"end":{"line":14,"column":3}}],"line":5},"1":{"loc":{"start":{"line":8,"column":6},"end":{"line":8,"column":59}},"type":"if","locations":[{"start":{"line":8,"column":6},"end":{"line":8,"column":59}},{"start":{},"end":{}}],"line":8},"2":{"loc":{"start":{"line":19,"column":4},"end":{"line":23,"column":5}},"type":"if","locations":[{"start":{"line":19,"column":4},"end":{"line":23,"column":5}},{"start":{"line":21,"column":11},"end":{"line":23,"column":5}}],"line":19},"3":{"loc":{"start":{"line":19,"column":8},"end":{"line":19,"column":57}},"type":"binary-expr","locations":[{"start":{"line":19,"column":8},"end":{"line":19,"column":37}},{"start":{"line":19,"column":41},"end":{"line":19,"column":57}}],"line":19},"4":{"loc":{"start":{"line":29,"column":4},"end":{"line":33,"column":5}},"type":"if","locations":[{"start":{"line":29,"column":4},"end":{"line":33,"column":5}},{"start":{"line":31,"column":11},"end":{"line":33,"column":5}}],"line":29}},"s":{"0":2,"1":2,"2":16,"3":16,"4":16,"5":16,"6":16,"7":0,"8":16,"9":16,"10":0,"11":2,"12":2,"13":2,"14":2,"15":0,"16":2,"17":6,"18":6,"19":6,"20":0,"21":2},"f":{"0":16,"1":16,"2":2,"3":2,"4":6,"5":6},"b":{"0":[16,0],"1":[0,16],"2":[2,0],"3":[2,0],"4":[6,0]},"_coverageSchema":"1a1c01bbd47fc00a2c39e90264f33305004495a9","hash":"3a6241d89a74f24d76ed31d76be6f5500f94e9ef"}
}
