TN:
SF:index.js
FN:42,(anonymous_0)
FN:43,(anonymous_1)
FNF:2
FNH:0
FNDA:0,(anonymous_0)
FNDA:0,(anonymous_1)
DA:1,2
DA:2,2
DA:3,2
DA:4,2
DA:5,2
DA:6,2
DA:8,2
DA:11,2
DA:12,2
DA:13,2
DA:15,2
DA:16,2
DA:17,2
DA:19,2
DA:24,2
DA:26,2
DA:32,2
DA:33,2
DA:34,2
DA:37,2
DA:38,2
DA:42,2
DA:43,0
DA:44,0
DA:45,0
DA:51,2
LF:26
LH:23
BRDA:44,0,0,0
BRDA:44,0,1,0
BRF:2
BRH:0
end_of_record
TN:
SF:models\Category.js
FNF:0
FNH:0
DA:1,2
DA:3,2
DA:18,2
LF:3
LH:3
BRF:0
BRH:0
end_of_record
TN:
SF:models\Product.js
FNF:0
FNH:0
DA:1,2
DA:11,2
DA:64,2
LF:3
LH:3
BRF:0
BRH:0
end_of_record
TN:
SF:models\User.js
FN:38,(anonymous_0)
FNF:1
FNH:1
FNDA:1,(anonymous_0)
DA:1,2
DA:3,2
DA:38,2
DA:43,1
DA:46,2
DA:50,2
LF:6
LH:6
BRF:0
BRH:0
end_of_record
TN:
SF:routes\categories.js
FN:14,(anonymous_0)
FN:36,(anonymous_1)
FN:67,(anonymous_2)
FN:92,(anonymous_3)
FN:111,(anonymous_4)
FNF:5
FNH:3
FNDA:1,(anonymous_0)
FNDA:1,(anonymous_1)
FNDA:1,(anonymous_2)
FNDA:0,(anonymous_3)
FNDA:0,(anonymous_4)
DA:2,2
DA:4,2
DA:10,2
DA:14,2
DA:16,1
DA:20,1
DA:21,1
DA:22,1
DA:23,0
DA:25,1
DA:27,0
DA:36,2
DA:38,1
DA:39,1
DA:47,1
DA:48,0
DA:53,1
DA:61,0
DA:67,2
DA:69,1
DA:70,1
DA:71,1
DA:72,0
DA:77,1
DA:78,1
DA:85,0
DA:92,2
DA:94,0
DA:95,0
DA:96,0
DA:97,0
DA:102,0
DA:105,0
DA:111,2
DA:113,0
DA:114,0
DA:115,0
DA:116,0
DA:121,0
DA:124,0
DA:134,2
LF:41
LH:23
BRDA:22,0,0,0
BRDA:22,0,1,1
BRDA:47,1,0,0
BRDA:47,1,1,1
BRDA:71,2,0,0
BRDA:71,2,1,1
BRDA:96,3,0,0
BRDA:96,3,1,0
BRDA:115,4,0,0
BRDA:115,4,1,0
BRF:10
BRH:3
end_of_record
TN:
SF:routes\products.js
FN:27,(anonymous_0)
FN:36,(anonymous_1)
FN:51,(anonymous_2)
FN:107,(anonymous_3)
FN:134,(anonymous_4)
FN:178,(anonymous_5)
FN:204,(anonymous_6)
FN:228,(anonymous_7)
FN:242,(anonymous_8)
FN:264,(anonymous_9)
FN:286,(anonymous_10)
FN:306,(anonymous_11)
FN:316,(anonymous_12)
FNF:13
FNH:7
FNDA:2,(anonymous_0)
FNDA:2,(anonymous_1)
FNDA:1,(anonymous_2)
FNDA:1,(anonymous_3)
FNDA:1,(anonymous_4)
FNDA:0,(anonymous_5)
FNDA:0,(anonymous_6)
FNDA:1,(anonymous_7)
FNDA:1,(anonymous_8)
FNDA:0,(anonymous_9)
FNDA:0,(anonymous_10)
FNDA:0,(anonymous_11)
FNDA:0,(anonymous_12)
DA:2,2
DA:3,2
DA:4,2
DA:5,2
DA:6,2
DA:9,2
DA:15,2
DA:17,2
DA:19,2
DA:26,2
DA:28,2
DA:29,2
DA:31,2
DA:32,2
DA:34,2
DA:37,2
DA:39,2
DA:40,2
DA:44,2
DA:51,2
DA:54,1
DA:55,1
DA:56,0
DA:60,1
DA:61,1
DA:62,0
DA:67,1
DA:68,1
DA:69,1
DA:70,1
DA:71,1
DA:74,1
DA:75,1
DA:76,1
DA:87,1
DA:88,1
DA:89,1
DA:90,0
DA:95,1
DA:98,0
DA:107,2
DA:109,1
DA:110,0
DA:113,1
DA:114,1
DA:115,0
DA:118,1
DA:119,1
DA:120,0
DA:123,1
DA:126,1
DA:127,1
DA:128,1
DA:129,1
DA:132,1
DA:134,1
DA:135,1
DA:136,0
DA:137,0
DA:139,1
DA:143,0
DA:148,1
DA:149,1
DA:150,1
DA:158,1
DA:159,0
DA:164,1
DA:172,0
DA:178,2
DA:180,0
DA:181,0
DA:182,0
DA:183,0
DA:185,0
DA:187,0
DA:188,0
DA:193,0
DA:199,0
DA:204,2
DA:206,0
DA:208,0
DA:209,0
DA:210,0
DA:215,0
DA:222,0
DA:228,2
DA:229,1
DA:230,1
DA:231,1
DA:232,0
DA:237,1
DA:240,1
DA:242,1
DA:243,1
DA:244,0
DA:245,0
DA:247,1
DA:250,1
DA:257,0
DA:264,2
DA:266,0
DA:267,0
DA:268,0
DA:269,0
DA:274,0
DA:277,0
DA:286,2
DA:287,0
DA:288,0
DA:289,0
DA:290,0
DA:291,0
DA:293,0
DA:300,0
DA:306,2
DA:309,0
DA:310,0
DA:312,0
DA:313,0
DA:314,0
DA:315,0
DA:316,0
DA:317,0
DA:321,0
DA:322,0
DA:329,0
DA:330,0
DA:332,0
DA:336,0
DA:342,2
LF:130
LH:72
BRDA:31,0,0,2
BRDA:31,0,1,0
BRDA:55,1,0,0
BRDA:55,1,1,1
BRDA:61,2,0,0
BRDA:61,2,1,1
BRDA:89,3,0,0
BRDA:89,3,1,1
BRDA:109,4,0,0
BRDA:109,4,1,1
BRDA:114,5,0,0
BRDA:114,5,1,1
BRDA:119,6,0,0
BRDA:119,6,1,1
BRDA:126,7,0,1
BRDA:126,7,1,0
BRDA:135,8,0,0
BRDA:135,8,1,1
BRDA:158,9,0,0
BRDA:158,9,1,1
BRDA:182,10,0,0
BRDA:182,10,1,0
BRDA:187,11,0,0
BRDA:187,11,1,0
BRDA:209,12,0,0
BRDA:209,12,1,0
BRDA:231,13,0,0
BRDA:231,13,1,1
BRDA:243,14,0,0
BRDA:243,14,1,1
BRDA:268,15,0,0
BRDA:268,15,1,0
BRDA:288,16,0,0
BRDA:288,16,1,0
BRDA:290,17,0,0
BRDA:290,17,1,0
BRDA:309,18,0,0
BRDA:309,18,1,0
BRDA:315,19,0,0
BRDA:315,19,1,0
BRDA:329,20,0,0
BRDA:329,20,1,0
BRF:42
BRH:12
end_of_record
TN:
SF:routes\users.js
FN:16,(anonymous_0)
FN:40,(anonymous_1)
FN:60,(anonymous_2)
FN:93,(anonymous_3)
FN:119,(anonymous_4)
FN:141,(anonymous_5)
FNF:6
FNH:4
FNDA:2,(anonymous_0)
FNDA:1,(anonymous_1)
FNDA:0,(anonymous_2)
FNDA:1,(anonymous_3)
FNDA:2,(anonymous_4)
FNDA:0,(anonymous_5)
DA:2,2
DA:3,2
DA:4,2
DA:5,2
DA:6,2
DA:12,2
DA:16,2
DA:17,2
DA:18,2
DA:20,2
DA:21,2
DA:23,2
DA:24,2
DA:29,2
DA:30,2
DA:31,2
DA:32,2
DA:34,0
DA:40,2
DA:41,1
DA:42,1
DA:43,1
DA:45,1
DA:46,1
DA:48,1
DA:49,1
DA:50,1
DA:51,1
DA:53,0
DA:60,2
DA:61,0
DA:62,0
DA:63,0
DA:64,0
DA:65,0
DA:66,0
DA:68,0
DA:69,0
DA:70,0
DA:77,0
DA:78,0
DA:79,0
DA:80,0
DA:82,0
DA:83,0
DA:86,0
DA:93,2
DA:95,1
DA:98,1
DA:99,1
DA:100,0
DA:105,1
DA:112,0
DA:119,2
DA:121,2
DA:122,2
DA:123,2
DA:124,0
DA:129,2
DA:135,0
DA:141,2
DA:145,0
DA:146,0
DA:147,0
DA:148,0
DA:150,0
DA:154,0
DA:155,0
DA:162,0
DA:163,0
DA:165,0
DA:173,0
DA:183,2
LF:73
LH:40
BRDA:21,0,0,0
BRDA:21,0,1,2
BRDA:43,1,0,1
BRDA:43,1,1,0
BRDA:46,2,0,1
BRDA:46,2,1,0
BRDA:63,3,0,0
BRDA:63,3,1,0
BRDA:99,4,0,0
BRDA:99,4,1,1
BRDA:123,5,0,0
BRDA:123,5,1,2
BRDA:145,6,0,0
BRDA:145,6,1,0
BRDA:162,7,0,0
BRDA:162,7,1,0
BRF:16
BRH:5
end_of_record
TN:
SF:routes\verifyToken.js
FN:3,(anonymous_0)
FN:7,(anonymous_1)
FN:17,(anonymous_2)
FN:18,(anonymous_3)
FN:27,(anonymous_4)
FN:28,(anonymous_5)
FNF:6
FNH:6
FNDA:16,(anonymous_0)
FNDA:16,(anonymous_1)
FNDA:2,(anonymous_2)
FNDA:2,(anonymous_3)
FNDA:6,(anonymous_4)
FNDA:6,(anonymous_5)
DA:1,2
DA:3,2
DA:4,16
DA:5,16
DA:6,16
DA:7,16
DA:8,16
DA:9,16
DA:10,16
DA:13,0
DA:17,2
DA:18,2
DA:19,2
DA:20,2
DA:22,0
DA:27,2
DA:28,6
DA:29,6
DA:30,6
DA:32,0
DA:37,2
LF:21
LH:18
BRDA:5,0,0,16
BRDA:5,0,1,0
BRDA:8,1,0,0
BRDA:8,1,1,16
BRDA:19,2,0,2
BRDA:19,2,1,0
BRDA:19,3,0,2
BRDA:19,3,1,0
BRDA:29,4,0,6
BRDA:29,4,1,0
BRF:10
BRH:5
end_of_record
